#
# There is insufficient memory for the Java Runtime Environment to continue.
# Native memory allocation (malloc) failed to allocate 1048576 bytes for AllocateHeap
# Possible reasons:
#   The system is out of physical RAM or swap space
#   In 32 bit mode, the process size limit was hit
# Possible solutions:
#   Reduce memory load on the system
#   Increase physical memory or swap space
#   Check if swap backing store is full
#   Use 64 bit Java on a 64 bit OS
#   Decrease Java heap size (-Xmx/-Xms)
#   Decrease number of Java threads
#   Decrease Java thread stack sizes (-Xss)
#   Set larger code cache with -XX:ReservedCodeCacheSize=
# This output file may be truncated or incomplete.
#
#  Out of Memory Error (memory/allocation.inline.hpp:61), pid=6596, tid=0x0000000000000f80
#
# JRE version:  (8.0_101-b13) (build )
# Java VM: Java HotSpot(TM) 64-Bit Server VM (25.101-b13 mixed mode windows-amd64 compressed oops)
# Failed to write core dump. Minidumps are not enabled by default on client versions of Windows
#

---------------  T H R E A D  ---------------

Current thread (0x0000000004bd0800):  JavaThread "Unknown thread" [_thread_in_vm, id=3968, stack(0x0000000004ad0000,0x0000000004bd0000)]

Stack: [0x0000000004ad0000,0x0000000004bd0000]
[error occurred during error reporting (printing stack bounds), id 0xc0000005]

Native frames: (J=compiled Java code, j=interpreted, Vv=VM code, C=native code)


---------------  P R O C E S S  ---------------

Java Threads: ( => current thread )

Other Threads:

=>0x0000000004bd0800 (exited) JavaThread "Unknown thread" [_thread_in_vm, id=3968, stack(0x0000000004ad0000,0x0000000004bd0000)]

VM state:not at safepoint (normal execution)

VM Mutex/Monitor currently owned by a thread: None

Heap:
 PSYoungGen      total 18944K, used 327K [0x00000000eb380000, 0x00000000ec880000, 0x0000000100000000)
  eden space 16384K, 2% used [0x00000000eb380000,0x00000000eb3d1ec8,0x00000000ec380000)
  from space 2560K, 0% used [0x00000000ec600000,0x00000000ec600000,0x00000000ec880000)
  to   space 2560K, 0% used [0x00000000ec380000,0x00000000ec380000,0x00000000ec600000)
 ParOldGen       total 44032K, used 0K [0x00000000c1a00000, 0x00000000c4500000, 0x00000000eb380000)
  object space 44032K, 0% used [0x00000000c1a00000,0x00000000c1a00000,0x00000000c4500000)
 Metaspace       used 769K, capacity 4480K, committed 4480K, reserved 1056768K
  class space    used 75K, capacity 384K, committed 384K, reserved 1048576K

Card table byte_map: [0x0000000014090000,0x0000000014290000] byte_map_base: 0x0000000013a83000

Marking Bits: (ParMarkBitMap*) 0x000000007651a6d0
 Begin Bits: [0x00000000145e0000, 0x0000000015578000)
 End Bits:   [0x0000000015578000, 0x0000000016510000)

Polling page: 0x0000000002dc0000

CodeCache: size=245760Kb used=327Kb max_used=327Kb free=245432Kb
 bounds [0x0000000004cd0000, 0x0000000004f40000, 0x0000000013cd0000]
 total_blobs=57 nmethods=0 adapters=38
 compilation: enabled

Compilation events (0 events):
No events

GC Heap History (0 events):
No events

Deoptimization events (0 events):
No events

Internal exceptions (0 events):
No events

Events (10 events):
Event: 0.024 loading class java/lang/Short
Event: 0.024 loading class java/lang/Short done
Event: 0.024 loading class java/lang/Integer
Event: 0.024 loading class java/lang/Integer done
Event: 0.024 loading class java/lang/Long
Event: 0.025 loading class java/lang/Long done
Event: 0.025 loading class java/lang/NullPointerException
Event: 0.025 loading class java/lang/NullPointerException done
Event: 0.025 loading class java/lang/ArithmeticException
Event: 0.025 loading class java/lang/ArithmeticException done


Dynamic libraries:
0x00007ff713530000 - 0x00007ff713567000 	C:\Program Files\Java\jdk1.8.0_101\bin\java.exe
0x00007ff99a880000 - 0x00007ff99aa60000 	C:\Windows\SYSTEM32\ntdll.dll
0x00007ff998320000 - 0x00007ff9983ce000 	C:\Windows\System32\KERNEL32.DLL
0x00007ff997050000 - 0x00007ff9972b6000 	C:\Windows\System32\KERNELBASE.dll
0x00007ff99a500000 - 0x00007ff99a5a1000 	C:\Windows\System32\ADVAPI32.dll
0x00007ff99a7b0000 - 0x00007ff99a84d000 	C:\Windows\System32\msvcrt.dll
0x00007ff998fb0000 - 0x00007ff99900b000 	C:\Windows\System32\sechost.dll
0x00007ff998e90000 - 0x00007ff998faf000 	C:\Windows\System32\RPCRT4.dll
0x00007ff998190000 - 0x00007ff99831f000 	C:\Windows\System32\USER32.dll
0x00007ff997c00000 - 0x00007ff997c20000 	C:\Windows\System32\win32u.dll
0x00007ff998160000 - 0x00007ff998188000 	C:\Windows\System32\GDI32.dll
0x00007ff997a10000 - 0x00007ff997ba3000 	C:\Windows\System32\gdi32full.dll
0x00007ff996ce0000 - 0x00007ff996d7b000 	C:\Windows\System32\msvcp_win.dll
0x00007ff996d80000 - 0x00007ff996e76000 	C:\Windows\System32\ucrtbase.dll
0x00007ff9883e0000 - 0x00007ff988649000 	C:\Windows\WinSxS\amd64_microsoft.windows.common-controls_6595b64144ccf1df_6.0.16299.371_none_15c7d1789365a290\COMCTL32.dll
0x00007ff997d50000 - 0x00007ff998058000 	C:\Windows\System32\combase.dll
0x00007ff997c20000 - 0x00007ff997c92000 	C:\Windows\System32\bcryptPrimitives.dll
0x00007ff99a460000 - 0x00007ff99a48d000 	C:\Windows\System32\IMM32.DLL
0x0000000075c20000 - 0x0000000075cf2000 	C:\Program Files\Java\jdk1.8.0_101\jre\bin\msvcr100.dll
0x0000000075d00000 - 0x000000007659a000 	C:\Program Files\Java\jdk1.8.0_101\jre\bin\server\jvm.dll
0x00007ff998140000 - 0x00007ff998148000 	C:\Windows\System32\PSAPI.DLL
0x00007ff9929c0000 - 0x00007ff9929e3000 	C:\Windows\SYSTEM32\WINMM.dll
0x00007ff9930c0000 - 0x00007ff9930c9000 	C:\Windows\SYSTEM32\WSOCK32.dll
0x00007ff99a490000 - 0x00007ff99a4fc000 	C:\Windows\System32\WS2_32.dll
0x00007ff98b020000 - 0x00007ff98b02a000 	C:\Windows\SYSTEM32\VERSION.dll
0x00007ff992960000 - 0x00007ff99298a000 	C:\Windows\SYSTEM32\winmmbase.dll
0x00007ff997bb0000 - 0x00007ff997bfa000 	C:\Windows\System32\cfgmgr32.dll
0x0000000075bd0000 - 0x0000000075bdf000 	C:\Program Files\Java\jdk1.8.0_101\jre\bin\verify.dll
0x0000000075ba0000 - 0x0000000075bc9000 	C:\Program Files\Java\jdk1.8.0_101\jre\bin\java.dll
0x0000000075b80000 - 0x0000000075b96000 	C:\Program Files\Java\jdk1.8.0_101\jre\bin\zip.dll

VM Arguments:
jvm_args: -Dfile.encoding=UTF-8 
java_command: filesystem.FileSystem
java_class_path (initial): C:\Users\Raizen\Documents\GitHub\File-System\FileSystem\build\classes
Launcher Type: SUN_STANDARD

Environment Variables:
PATH=C:\ProgramData\Oracle\Java\javapath;C:\Windows\system32;C:\Windows;C:\Windows\System32\Wbem;C:\Windows\System32\WindowsPowerShell\v1.0\;C:\Windows\system32\config\systemprofile\.dnx\bin;C:\Program Files\Microsoft DNX\Dnvm\;C:\Program Files\Microsoft SQL Server\130\Tools\Binn\;C:\Go\bin;C:\Users\Raizen\.cargo\bin;C:\Windows\system32;C:\Windows;C:\Windows\System32\Wbem;C:\Windows\System32\WindowsPowerShell\v1.0\;C:\Users\Raizen\AppData\Local\Microsoft\WindowsApps;C:\Users\Raizen\AppData\Local\Google\Cloud SDK\google-cloud-sdk\bin
USERNAME=Raizen
OS=Windows_NT
PROCESSOR_IDENTIFIER=Intel64 Family 6 Model 58 Stepping 9, GenuineIntel



---------------  S Y S T E M  ---------------

OS: Windows 10.0 , 64 bit Build 16299 (10.0.16299.15)

CPU:total 2 (2 cores per cpu, 1 threads per core) family 6 model 58 stepping 9, cmov, cx8, fxsr, mmx, sse, sse2, sse3, ssse3, sse4.1, sse4.2, popcnt, clmul, erms, tsc, tscinvbit, tscinv

Memory: 4k page, physical 4087168k(634048k free), swap 6135168k(4928k free)

vm_info: Java HotSpot(TM) 64-Bit Server VM (25.101-b13) for windows-amd64 JRE (1.8.0_101-b13), built on Jun 22 2016 01:21:29 by "java_re" with MS VC++ 10.0 (VS2010)

time: Wed Apr 25 04:16:03 2018
elapsed time: 0 seconds (0d 0h 0m 0s)

